<?xml version="1.0" encoding="UTF-8"?>
<coverage generated="1649303113255" clover="3.2.0">
  <project timestamp="1649303113255" name="All files">
    <metrics statements="16" coveredstatements="16" conditionals="6" coveredconditionals="6" methods="5" coveredmethods="5" elements="27" coveredelements="27" complexity="0" loc="16" ncloc="16" packages="1" files="1" classes="1"/>
    <file name="MathBasic.js" path="C:\Users\lingg\Documents\Dicoding\dicoding-be-expert\math-api\src\MathBasic.js">
      <metrics statements="16" coveredstatements="16" conditionals="6" coveredconditionals="6" methods="5" coveredmethods="5"/>
      <line num="1" count="1" type="stmt"/>
      <line num="3" count="40" type="cond" truecount="2" falsecount="0"/>
      <line num="4" count="16" type="stmt"/>
      <line num="7" count="24" type="stmt"/>
      <line num="9" count="24" type="cond" truecount="4" falsecount="0"/>
      <line num="10" count="12" type="stmt"/>
      <line num="13" count="12" type="stmt"/>
      <line num="16" count="10" type="stmt"/>
      <line num="17" count="3" type="stmt"/>
      <line num="20" count="10" type="stmt"/>
      <line num="21" count="3" type="stmt"/>
      <line num="24" count="10" type="stmt"/>
      <line num="25" count="3" type="stmt"/>
      <line num="28" count="10" type="stmt"/>
      <line num="29" count="3" type="stmt"/>
      <line num="33" count="1" type="stmt"/>
    </file>
  </project>
</coverage>
