<?xml version="1.0" encoding="UTF-8"?>
<coverage generated="1650036122613" clover="3.2.0">
  <project timestamp="1650036122613" name="All files">
    <metrics statements="32" coveredstatements="32" conditionals="10" coveredconditionals="10" methods="12" coveredmethods="12" elements="54" coveredelements="54" complexity="0" loc="32" ncloc="32" packages="1" files="2" classes="2"/>
    <file name="FigureCalculator.js" path="C:\Users\lingg\Documents\Dicoding\dicoding-be-expert\math-api\src\FigureCalculator.js">
      <metrics statements="16" coveredstatements="16" conditionals="4" coveredconditionals="4" methods="7" coveredmethods="7"/>
      <line num="3" count="13" type="stmt"/>
      <line num="7" count="29" type="cond" truecount="2" falsecount="0"/>
      <line num="8" count="13" type="stmt"/>
      <line num="11" count="16" type="stmt"/>
      <line num="12" count="21" type="cond" truecount="2" falsecount="0"/>
      <line num="13" count="12" type="stmt"/>
      <line num="17" count="4" type="stmt"/>
      <line num="21" count="7" type="stmt"/>
      <line num="24" count="1" type="stmt"/>
      <line num="28" count="7" type="stmt"/>
      <line num="31" count="1" type="stmt"/>
      <line num="35" count="8" type="stmt"/>
      <line num="38" count="1" type="stmt"/>
      <line num="42" count="7" type="stmt"/>
      <line num="45" count="1" type="stmt"/>
      <line num="49" count="1" type="stmt"/>
    </file>
    <file name="MathBasic.js" path="C:\Users\lingg\Documents\Dicoding\dicoding-be-expert\math-api\src\MathBasic.js">
      <metrics statements="16" coveredstatements="16" conditionals="6" coveredconditionals="6" methods="5" coveredmethods="5"/>
      <line num="1" count="2" type="stmt"/>
      <line num="3" count="47" type="cond" truecount="2" falsecount="0"/>
      <line num="4" count="16" type="stmt"/>
      <line num="7" count="31" type="stmt"/>
      <line num="9" count="31" type="cond" truecount="4" falsecount="0"/>
      <line num="10" count="12" type="stmt"/>
      <line num="13" count="19" type="stmt"/>
      <line num="16" count="13" type="stmt"/>
      <line num="17" count="6" type="stmt"/>
      <line num="20" count="10" type="stmt"/>
      <line num="21" count="3" type="stmt"/>
      <line num="24" count="13" type="stmt"/>
      <line num="25" count="6" type="stmt"/>
      <line num="28" count="11" type="stmt"/>
      <line num="29" count="4" type="stmt"/>
      <line num="33" count="2" type="stmt"/>
    </file>
  </project>
</coverage>
