TN:
SF:src\FigureCalculator.js
FN:2,(anonymous_0)
FN:6,(anonymous_1)
FN:21,(anonymous_2)
FN:36,(anonymous_3)
FN:51,(anonymous_4)
FNF:5
FNH:5
FNDA:13,(anonymous_0)
FNDA:7,(anonymous_1)
FNDA:7,(anonymous_2)
FNDA:8,(anonymous_3)
FNDA:7,(anonymous_4)
DA:3,13
DA:7,7
DA:8,3
DA:11,4
DA:13,4
DA:14,3
DA:18,1
DA:22,7
DA:23,3
DA:26,4
DA:28,4
DA:29,3
DA:33,1
DA:37,8
DA:38,4
DA:41,4
DA:43,4
DA:44,3
DA:48,1
DA:52,7
DA:53,3
DA:56,4
DA:58,4
DA:59,3
DA:63,1
DA:67,1
LF:26
LH:26
BRDA:7,0,0,3
BRDA:7,0,1,4
BRDA:13,1,0,3
BRDA:13,1,1,1
BRDA:13,2,0,4
BRDA:13,2,1,1
BRDA:22,3,0,3
BRDA:22,3,1,4
BRDA:28,4,0,3
BRDA:28,4,1,1
BRDA:28,5,0,4
BRDA:28,5,1,1
BRDA:37,6,0,4
BRDA:37,6,1,4
BRDA:43,7,0,3
BRDA:43,7,1,1
BRDA:43,8,0,4
BRDA:43,8,1,1
BRDA:43,8,2,1
BRDA:52,9,0,3
BRDA:52,9,1,4
BRDA:58,10,0,3
BRDA:58,10,1,1
BRDA:58,11,0,4
BRDA:58,11,1,1
BRF:25
BRH:25
end_of_record
TN:
SF:src\MathBasic.js
FN:2,(anonymous_0)
FN:15,(anonymous_1)
FN:19,(anonymous_2)
FN:23,(anonymous_3)
FN:27,(anonymous_4)
FNF:5
FNH:5
FNDA:47,(anonymous_0)
FNDA:13,(anonymous_1)
FNDA:10,(anonymous_2)
FNDA:13,(anonymous_3)
FNDA:11,(anonymous_4)
DA:1,2
DA:3,47
DA:4,16
DA:7,31
DA:9,31
DA:10,12
DA:13,19
DA:16,13
DA:17,6
DA:20,10
DA:21,3
DA:24,13
DA:25,6
DA:28,11
DA:29,4
DA:33,2
LF:16
LH:16
BRDA:3,0,0,16
BRDA:3,0,1,31
BRDA:9,1,0,12
BRDA:9,1,1,19
BRDA:9,2,0,31
BRDA:9,2,1,19
BRF:6
BRH:6
end_of_record
